<?xml version="1.0" encoding="UTF-8"?>
<!-- Generated by org.testng.reporters.JUnitReportReporter -->
<testsuite skipped="0" hostname="SmitaVimal-VAIO" name="qaclickacademy.Mavenjava.SeleniumTest" tests="2" failures="0" timestamp="2020-05-26T16:29:17 AEST" time="0.002" errors="0">
  <testcase name="elementsUI" time="0.001" classname="qaclickacademy.Mavenjava.SeleniumTest"/>
  <system-out/>
  <testcase name="BrowserAutomation" time="0.001" classname="qaclickacademy.Mavenjava.SeleniumTest"/>
  <system-out/>
</testsuite> <!-- qaclickacademy.Mavenjava.SeleniumTest -->
