<?xml version="1.0" encoding="UTF-8"?>
<!-- Generated by org.testng.reporters.JUnitReportReporter -->
<testsuite skipped="0" hostname="SmitaVimal-VAIO" name="qaclickacademy.Mavenjava.AppiumTest" tests="2" failures="0" timestamp="2020-05-26T16:29:17 AEST" time="0.005" errors="0">
  <testcase name="IOSApps" time="0.005" classname="qaclickacademy.Mavenjava.AppiumTest"/>
  <system-out/>
  <testcase name="NativeAppAndroid" time="0.000" classname="qaclickacademy.Mavenjava.AppiumTest"/>
  <system-out/>
</testsuite> <!-- qaclickacademy.Mavenjava.AppiumTest -->
